{"/home/runner/work/commit-status/commit-status/src/action-inputs.ts": {"path":"/home/runner/work/commit-status/commit-status/src/action-inputs.ts","statementMap":{"0":{"start":{"line":1,"column":0},"end":{"line":1,"column":38}},"1":{"start":{"line":2,"column":0},"end":{"line":2,"column":42}},"2":{"start":{"line":4,"column":21},"end":{"line":10,"column":1}},"3":{"start":{"line":5,"column":15},"end":{"line":5,"column":46}},"4":{"start":{"line":7,"column":2},"end":{"line":7,"column":41}},"5":{"start":{"line":9,"column":2},"end":{"line":9,"column":14}},"6":{"start":{"line":12,"column":17},"end":{"line":27,"column":1}},"7":{"start":{"line":13,"column":22},"end":{"line":13,"column":42}},"8":{"start":{"line":15,"column":2},"end":{"line":24,"column":null}},"9":{"start":{"line":17,"column":18},"end":{"line":17,"column":57}},"10":{"start":{"line":19,"column":4},"end":{"line":21,"column":null}},"11":{"start":{"line":20,"column":6},"end":{"line":20,"column":64}},"12":{"start":{"line":23,"column":4},"end":{"line":23,"column":20}},"13":{"start":{"line":26,"column":2},"end":{"line":26,"column":21}},"14":{"start":{"line":82,"column":2},"end":{"line":82,"column":10}},"15":{"start":{"line":29,"column":18},"end":{"line":43,"column":1}},"16":{"start":{"line":30,"column":22},"end":{"line":30,"column":43}},"17":{"start":{"line":32,"column":2},"end":{"line":40,"column":null}},"18":{"start":{"line":33,"column":18},"end":{"line":33,"column":51}},"19":{"start":{"line":35,"column":4},"end":{"line":37,"column":null}},"20":{"start":{"line":36,"column":6},"end":{"line":36,"column":65}},"21":{"start":{"line":39,"column":4},"end":{"line":39,"column":20}},"22":{"start":{"line":42,"column":2},"end":{"line":42,"column":21}},"23":{"start":{"line":83,"column":2},"end":{"line":83,"column":11}},"24":{"start":{"line":45,"column":19},"end":{"line":59,"column":1}},"25":{"start":{"line":46,"column":22},"end":{"line":46,"column":44}},"26":{"start":{"line":48,"column":2},"end":{"line":56,"column":null}},"27":{"start":{"line":49,"column":18},"end":{"line":49,"column":59}},"28":{"start":{"line":51,"column":4},"end":{"line":53,"column":null}},"29":{"start":{"line":52,"column":6},"end":{"line":52,"column":66}},"30":{"start":{"line":55,"column":4},"end":{"line":55,"column":20}},"31":{"start":{"line":58,"column":2},"end":{"line":58,"column":21}},"32":{"start":{"line":84,"column":2},"end":{"line":84,"column":12}},"33":{"start":{"line":61,"column":19},"end":{"line":65,"column":1}},"34":{"start":{"line":62,"column":13},"end":{"line":62,"column":53}},"35":{"start":{"line":64,"column":2},"end":{"line":64,"column":42}},"36":{"start":{"line":85,"column":2},"end":{"line":85,"column":12}},"37":{"start":{"line":67,"column":19},"end":{"line":67,"column":75}},"38":{"start":{"line":67,"column":33},"end":{"line":67,"column":75}},"39":{"start":{"line":86,"column":2},"end":{"line":86,"column":12}},"40":{"start":{"line":69,"column":20},"end":{"line":69,"column":94}},"41":{"start":{"line":69,"column":33},"end":{"line":69,"column":94}},"42":{"start":{"line":87,"column":2},"end":{"line":87,"column":13}},"43":{"start":{"line":71,"column":21},"end":{"line":71,"column":59}},"44":{"start":{"line":71,"column":35},"end":{"line":71,"column":59}},"45":{"start":{"line":88,"column":2},"end":{"line":88,"column":14}},"46":{"start":{"line":73,"column":23},"end":{"line":73,"column":64}},"47":{"start":{"line":73,"column":37},"end":{"line":73,"column":64}},"48":{"start":{"line":89,"column":2},"end":{"line":89,"column":16}},"49":{"start":{"line":75,"column":25},"end":{"line":75,"column":67}},"50":{"start":{"line":75,"column":39},"end":{"line":75,"column":67}},"51":{"start":{"line":90,"column":2},"end":{"line":90,"column":18}},"52":{"start":{"line":77,"column":27},"end":{"line":79,"column":1}},"53":{"start":{"line":78,"column":2},"end":{"line":78,"column":46}},"54":{"start":{"line":91,"column":2},"end":{"line":91,"column":20}}},"fnMap":{"0":{"name":"(anonymous_6)","decl":{"start":{"line":4,"column":21},"end":{"line":4,"column":22}},"loc":{"start":{"line":4,"column":47},"end":{"line":10,"column":1}}},"1":{"name":"(anonymous_7)","decl":{"start":{"line":12,"column":17},"end":{"line":12,"column":28}},"loc":{"start":{"line":12,"column":30},"end":{"line":27,"column":1}}},"2":{"name":"(anonymous_8)","decl":{"start":{"line":29,"column":18},"end":{"line":29,"column":29}},"loc":{"start":{"line":29,"column":31},"end":{"line":43,"column":1}}},"3":{"name":"(anonymous_9)","decl":{"start":{"line":45,"column":19},"end":{"line":45,"column":30}},"loc":{"start":{"line":45,"column":32},"end":{"line":59,"column":1}}},"4":{"name":"(anonymous_10)","decl":{"start":{"line":61,"column":19},"end":{"line":61,"column":50}},"loc":{"start":{"line":61,"column":52},"end":{"line":65,"column":1}}},"5":{"name":"(anonymous_11)","decl":{"start":{"line":67,"column":19},"end":{"line":67,"column":30}},"loc":{"start":{"line":67,"column":33},"end":{"line":67,"column":75}}},"6":{"name":"(anonymous_12)","decl":{"start":{"line":69,"column":20},"end":{"line":69,"column":31}},"loc":{"start":{"line":69,"column":33},"end":{"line":69,"column":94}}},"7":{"name":"(anonymous_13)","decl":{"start":{"line":71,"column":21},"end":{"line":71,"column":32}},"loc":{"start":{"line":71,"column":35},"end":{"line":71,"column":59}}},"8":{"name":"(anonymous_14)","decl":{"start":{"line":73,"column":23},"end":{"line":73,"column":34}},"loc":{"start":{"line":73,"column":37},"end":{"line":73,"column":64}}},"9":{"name":"(anonymous_15)","decl":{"start":{"line":75,"column":25},"end":{"line":75,"column":36}},"loc":{"start":{"line":75,"column":39},"end":{"line":75,"column":67}}},"10":{"name":"(anonymous_16)","decl":{"start":{"line":77,"column":27},"end":{"line":77,"column":39}},"loc":{"start":{"line":77,"column":41},"end":{"line":79,"column":1}}}},"branchMap":{"0":{"loc":{"start":{"line":15,"column":2},"end":{"line":24,"column":null}},"type":"if","locations":[{"start":{"line":15,"column":2},"end":{"line":24,"column":null}},{"start":{"line":15,"column":2},"end":{"line":24,"column":null}}]},"1":{"loc":{"start":{"line":17,"column":47},"end":{"line":17,"column":49}},"type":"cond-expr","locations":[{"start":{"line":17,"column":47},"end":{"line":17,"column":49}},{"start":{"line":17,"column":47},"end":{"line":17,"column":57}}]},"2":{"loc":{"start":{"line":17,"column":18},"end":{"line":17,"column":49}},"type":"binary-expr","locations":[{"start":{"line":17,"column":18},"end":{"line":17,"column":49}},{"start":{"line":17,"column":47},"end":{"line":17,"column":49}}]},"3":{"loc":{"start":{"line":17,"column":33},"end":{"line":17,"column":35}},"type":"cond-expr","locations":[{"start":{"line":17,"column":33},"end":{"line":17,"column":35}},{"start":{"line":17,"column":33},"end":{"line":17,"column":47}}]},"4":{"loc":{"start":{"line":17,"column":18},"end":{"line":17,"column":35}},"type":"binary-expr","locations":[{"start":{"line":17,"column":18},"end":{"line":17,"column":35}},{"start":{"line":17,"column":33},"end":{"line":17,"column":35}}]},"5":{"loc":{"start":{"line":19,"column":4},"end":{"line":21,"column":null}},"type":"if","locations":[{"start":{"line":19,"column":4},"end":{"line":21,"column":null}},{"start":{"line":19,"column":4},"end":{"line":21,"column":null}}]},"6":{"loc":{"start":{"line":32,"column":2},"end":{"line":40,"column":null}},"type":"if","locations":[{"start":{"line":32,"column":2},"end":{"line":40,"column":null}},{"start":{"line":32,"column":2},"end":{"line":40,"column":null}}]},"7":{"loc":{"start":{"line":33,"column":45},"end":{"line":33,"column":47}},"type":"cond-expr","locations":[{"start":{"line":33,"column":45},"end":{"line":33,"column":47}},{"start":{"line":33,"column":45},"end":{"line":33,"column":51}}]},"8":{"loc":{"start":{"line":33,"column":18},"end":{"line":33,"column":47}},"type":"binary-expr","locations":[{"start":{"line":33,"column":18},"end":{"line":33,"column":47}},{"start":{"line":33,"column":45},"end":{"line":33,"column":47}}]},"9":{"loc":{"start":{"line":33,"column":33},"end":{"line":33,"column":35}},"type":"cond-expr","locations":[{"start":{"line":33,"column":33},"end":{"line":33,"column":35}},{"start":{"line":33,"column":33},"end":{"line":33,"column":45}}]},"10":{"loc":{"start":{"line":33,"column":18},"end":{"line":33,"column":35}},"type":"binary-expr","locations":[{"start":{"line":33,"column":18},"end":{"line":33,"column":35}},{"start":{"line":33,"column":33},"end":{"line":33,"column":35}}]},"11":{"loc":{"start":{"line":35,"column":4},"end":{"line":37,"column":null}},"type":"if","locations":[{"start":{"line":35,"column":4},"end":{"line":37,"column":null}},{"start":{"line":35,"column":4},"end":{"line":37,"column":null}}]},"12":{"loc":{"start":{"line":48,"column":2},"end":{"line":56,"column":null}},"type":"if","locations":[{"start":{"line":48,"column":2},"end":{"line":56,"column":null}},{"start":{"line":48,"column":2},"end":{"line":56,"column":null}}]},"13":{"loc":{"start":{"line":49,"column":52},"end":{"line":49,"column":54}},"type":"cond-expr","locations":[{"start":{"line":49,"column":52},"end":{"line":49,"column":54}},{"start":{"line":49,"column":52},"end":{"line":49,"column":59}}]},"14":{"loc":{"start":{"line":49,"column":18},"end":{"line":49,"column":54}},"type":"binary-expr","locations":[{"start":{"line":49,"column":18},"end":{"line":49,"column":54}},{"start":{"line":49,"column":52},"end":{"line":49,"column":54}}]},"15":{"loc":{"start":{"line":49,"column":45},"end":{"line":49,"column":47}},"type":"cond-expr","locations":[{"start":{"line":49,"column":45},"end":{"line":49,"column":47}},{"start":{"line":49,"column":45},"end":{"line":49,"column":52}}]},"16":{"loc":{"start":{"line":49,"column":18},"end":{"line":49,"column":47}},"type":"binary-expr","locations":[{"start":{"line":49,"column":18},"end":{"line":49,"column":47}},{"start":{"line":49,"column":45},"end":{"line":49,"column":47}}]},"17":{"loc":{"start":{"line":49,"column":33},"end":{"line":49,"column":35}},"type":"cond-expr","locations":[{"start":{"line":49,"column":33},"end":{"line":49,"column":35}},{"start":{"line":49,"column":33},"end":{"line":49,"column":45}}]},"18":{"loc":{"start":{"line":49,"column":18},"end":{"line":49,"column":35}},"type":"binary-expr","locations":[{"start":{"line":49,"column":18},"end":{"line":49,"column":35}},{"start":{"line":49,"column":33},"end":{"line":49,"column":35}}]},"19":{"loc":{"start":{"line":51,"column":4},"end":{"line":53,"column":null}},"type":"if","locations":[{"start":{"line":51,"column":4},"end":{"line":53,"column":null}},{"start":{"line":51,"column":4},"end":{"line":53,"column":null}}]},"20":{"loc":{"start":{"line":62,"column":46},"end":{"line":62,"column":48}},"type":"cond-expr","locations":[{"start":{"line":62,"column":46},"end":{"line":62,"column":48}},{"start":{"line":62,"column":46},"end":{"line":62,"column":53}}]},"21":{"loc":{"start":{"line":62,"column":13},"end":{"line":62,"column":48}},"type":"binary-expr","locations":[{"start":{"line":62,"column":13},"end":{"line":62,"column":48}},{"start":{"line":62,"column":46},"end":{"line":62,"column":48}}]},"22":{"loc":{"start":{"line":62,"column":38},"end":{"line":62,"column":40}},"type":"cond-expr","locations":[{"start":{"line":62,"column":38},"end":{"line":62,"column":40}},{"start":{"line":62,"column":38},"end":{"line":62,"column":46}}]},"23":{"loc":{"start":{"line":62,"column":13},"end":{"line":62,"column":40}},"type":"binary-expr","locations":[{"start":{"line":62,"column":13},"end":{"line":62,"column":40}},{"start":{"line":62,"column":38},"end":{"line":62,"column":40}}]},"24":{"loc":{"start":{"line":64,"column":17},"end":{"line":64,"column":34}},"type":"cond-expr","locations":[{"start":{"line":64,"column":17},"end":{"line":64,"column":34}},{"start":{"line":64,"column":37},"end":{"line":64,"column":41}}]},"25":{"loc":{"start":{"line":69,"column":57},"end":{"line":69,"column":61}},"type":"cond-expr","locations":[{"start":{"line":69,"column":57},"end":{"line":69,"column":61}},{"start":{"line":69,"column":61},"end":{"line":69,"column":93}}]},"26":{"loc":{"start":{"line":69,"column":33},"end":{"line":69,"column":61}},"type":"binary-expr","locations":[{"start":{"line":69,"column":33},"end":{"line":69,"column":61}},{"start":{"line":69,"column":57},"end":{"line":69,"column":61}}]}},"s":{"0":3,"1":3,"2":3,"3":9,"4":9,"5":9,"6":3,"7":12,"8":12,"9":4,"10":4,"11":3,"12":1,"13":8,"14":3,"15":3,"16":10,"17":10,"18":2,"19":2,"20":1,"21":1,"22":8,"23":3,"24":3,"25":10,"26":10,"27":2,"28":2,"29":1,"30":1,"31":8,"32":3,"33":3,"34":10,"35":10,"36":3,"37":3,"38":5,"39":3,"40":3,"41":7,"42":3,"43":3,"44":7,"45":3,"46":3,"47":7,"48":3,"49":3,"50":7,"51":3,"52":3,"53":9,"54":3},"f":{"0":9,"1":12,"2":10,"3":10,"4":10,"5":5,"6":7,"7":7,"8":7,"9":7,"10":9},"b":{"0":[4,8],"1":[3,1],"2":[4,4],"3":[3,1],"4":[4,1],"5":[3,1],"6":[2,8],"7":[1,1],"8":[2,2],"9":[1,1],"10":[2,1],"11":[1,1],"12":[2,8],"13":[1,1],"14":[2,2],"15":[1,1],"16":[2,2],"17":[1,1],"18":[2,1],"19":[1,1],"20":[6,4],"21":[10,10],"22":[0,10],"23":[10,10],"24":[4,6],"25":[4,3],"26":[7,7]}}
,"/home/runner/work/commit-status/commit-status/src/action-main.ts": {"path":"/home/runner/work/commit-status/commit-status/src/action-main.ts","statementMap":{"0":{"start":{"line":1,"column":0},"end":{"line":1,"column":38}},"1":{"start":{"line":2,"column":0},"end":{"line":2,"column":42}},"2":{"start":{"line":4,"column":0},"end":{"line":4,"column":37}},"3":{"start":{"line":6,"column":0},"end":{"line":6,"column":53}},"4":{"start":{"line":7,"column":0},"end":{"line":7,"column":68}},"5":{"start":{"line":10,"column":29},"end":{"line":10,"column":73}},"6":{"start":{"line":12,"column":2},"end":{"line":17,"column":null}},"7":{"start":{"line":13,"column":4},"end":{"line":16,"column":7}},"8":{"start":{"line":19,"column":2},"end":{"line":19,"column":54}},"9":{"start":{"line":20,"column":2},"end":{"line":20,"column":60}},"10":{"start":{"line":21,"column":2},"end":{"line":21,"column":62}},"11":{"start":{"line":24,"column":9},"end":{"line":24,"column":15}}},"fnMap":{"0":{"name":"action","decl":{"start":{"line":9,"column":15},"end":{"line":9,"column":21}},"loc":{"start":{"line":9,"column":21},"end":{"line":22,"column":null}}}},"branchMap":{"0":{"loc":{"start":{"line":12,"column":2},"end":{"line":17,"column":null}},"type":"if","locations":[{"start":{"line":12,"column":2},"end":{"line":17,"column":null}},{"start":{"line":12,"column":2},"end":{"line":17,"column":null}}]}},"s":{"0":1,"1":1,"2":1,"3":1,"4":1,"5":4,"6":3,"7":2,"8":3,"9":3,"10":3,"11":1},"f":{"0":4},"b":{"0":[2,1]}}
,"/home/runner/work/commit-status/commit-status/src/action-post.ts": {"path":"/home/runner/work/commit-status/commit-status/src/action-post.ts","statementMap":{"0":{"start":{"line":1,"column":0},"end":{"line":1,"column":42}},"1":{"start":{"line":3,"column":0},"end":{"line":3,"column":37}},"2":{"start":{"line":4,"column":0},"end":{"line":4,"column":53}},"3":{"start":{"line":6,"column":0},"end":{"line":6,"column":68}},"4":{"start":{"line":8,"column":27},"end":{"line":35,"column":2}},"5":{"start":{"line":8,"column":44},"end":{"line":35,"column":2}},"6":{"start":{"line":9,"column":18},"end":{"line":9,"column":27}},"7":{"start":{"line":10,"column":18},"end":{"line":10,"column":28}},"8":{"start":{"line":11,"column":16},"end":{"line":11,"column":54}},"9":{"start":{"line":11,"column":29},"end":{"line":11,"column":54}},"10":{"start":{"line":12,"column":25},"end":{"line":12,"column":62}},"11":{"start":{"line":12,"column":39},"end":{"line":12,"column":62}},"12":{"start":{"line":13,"column":27},"end":{"line":13,"column":67}},"13":{"start":{"line":13,"column":43},"end":{"line":13,"column":67}},"14":{"start":{"line":14,"column":39},"end":{"line":18,"column":4}},"15":{"start":{"line":20,"column":2},"end":{"line":34,"column":null}},"16":{"start":{"line":21,"column":28},"end":{"line":21,"column":94}},"17":{"start":{"line":22,"column":23},"end":{"line":22,"column":88}},"18":{"start":{"line":23,"column":28},"end":{"line":23,"column":69}},"19":{"start":{"line":25,"column":4},"end":{"line":27,"column":null}},"20":{"start":{"line":26,"column":6},"end":{"line":26,"column":30}},"21":{"start":{"line":29,"column":4},"end":{"line":31,"column":null}},"22":{"start":{"line":30,"column":6},"end":{"line":30,"column":41}},"23":{"start":{"line":33,"column":4},"end":{"line":33,"column":29}},"24":{"start":{"line":38,"column":2},"end":{"line":62,"column":null}},"25":{"start":{"line":39,"column":31},"end":{"line":39,"column":90}},"26":{"start":{"line":40,"column":31},"end":{"line":40,"column":75}},"27":{"start":{"line":41,"column":28},"end":{"line":46,"column":6}},"28":{"start":{"line":48,"column":25},"end":{"line":48,"column":53}},"29":{"start":{"line":50,"column":4},"end":{"line":56,"column":null}},"30":{"start":{"line":51,"column":6},"end":{"line":55,"column":null}},"31":{"start":{"line":52,"column":8},"end":{"line":52,"column":54}},"32":{"start":{"line":54,"column":8},"end":{"line":54,"column":14}},"33":{"start":{"line":58,"column":4},"end":{"line":61,"column":7}},"34":{"start":{"line":65,"column":9},"end":{"line":65,"column":15}}},"fnMap":{"0":{"name":"(anonymous_13)","decl":{"start":{"line":8,"column":27},"end":{"line":8,"column":34}},"loc":{"start":{"line":8,"column":44},"end":{"line":35,"column":2}}},"1":{"name":"(anonymous_14)","decl":{"start":{"line":8,"column":44},"end":{"line":8,"column":null}},"loc":{"start":{"line":8,"column":44},"end":{"line":35,"column":1}}},"2":{"name":"(anonymous_15)","decl":{"start":{"line":11,"column":16},"end":{"line":11,"column":17}},"loc":{"start":{"line":11,"column":29},"end":{"line":11,"column":54}}},"3":{"name":"(anonymous_16)","decl":{"start":{"line":12,"column":25},"end":{"line":12,"column":26}},"loc":{"start":{"line":12,"column":39},"end":{"line":12,"column":62}}},"4":{"name":"(anonymous_17)","decl":{"start":{"line":13,"column":27},"end":{"line":13,"column":28}},"loc":{"start":{"line":13,"column":43},"end":{"line":13,"column":67}}},"5":{"name":"action","decl":{"start":{"line":37,"column":15},"end":{"line":37,"column":21}},"loc":{"start":{"line":37,"column":21},"end":{"line":63,"column":null}}}},"branchMap":{"0":{"loc":{"start":{"line":25,"column":4},"end":{"line":27,"column":null}},"type":"if","locations":[{"start":{"line":25,"column":4},"end":{"line":27,"column":null}},{"start":{"line":25,"column":4},"end":{"line":27,"column":null}}]},"1":{"loc":{"start":{"line":29,"column":4},"end":{"line":31,"column":null}},"type":"if","locations":[{"start":{"line":29,"column":4},"end":{"line":31,"column":null}},{"start":{"line":29,"column":4},"end":{"line":31,"column":null}}]},"2":{"loc":{"start":{"line":38,"column":2},"end":{"line":62,"column":null}},"type":"if","locations":[{"start":{"line":38,"column":2},"end":{"line":62,"column":null}},{"start":{"line":38,"column":2},"end":{"line":62,"column":null}}]},"3":{"loc":{"start":{"line":51,"column":6},"end":{"line":55,"column":null}},"type":"if","locations":[{"start":{"line":51,"column":6},"end":{"line":55,"column":null}},{"start":{"line":51,"column":6},"end":{"line":55,"column":null}}]}},"s":{"0":1,"1":1,"2":1,"3":1,"4":1,"5":2,"6":2,"7":2,"8":2,"9":0,"10":2,"11":2,"12":2,"13":5,"14":2,"15":2,"16":2,"17":2,"18":2,"19":2,"20":2,"21":0,"22":0,"23":0,"24":4,"25":3,"26":3,"27":2,"28":2,"29":2,"30":4,"31":1,"32":1,"33":2,"34":1},"f":{"0":2,"1":2,"2":0,"3":2,"4":5,"5":4},"b":{"0":[2,0],"1":[0,0],"2":[3,1],"3":[1,3]}}
,"/home/runner/work/commit-status/commit-status/src/commit-status-parameters.ts": {"path":"/home/runner/work/commit-status/commit-status/src/commit-status-parameters.ts","statementMap":{"0":{"start":{"line":3,"column":0},"end":{"line":3,"column":43}},"1":{"start":{"line":4,"column":0},"end":{"line":4,"column":48}},"2":{"start":{"line":16,"column":31},"end":{"line":46,"column":2}},"3":{"start":{"line":16,"column":91},"end":{"line":46,"column":2}},"4":{"start":{"line":17,"column":21},"end":{"line":25,"column":4}},"5":{"start":{"line":27,"column":2},"end":{"line":29,"column":null}},"6":{"start":{"line":28,"column":4},"end":{"line":28,"column":65}},"7":{"start":{"line":31,"column":2},"end":{"line":39,"column":null}},"8":{"start":{"line":32,"column":24},"end":{"line":36,"column":6}},"9":{"start":{"line":38,"column":4},"end":{"line":38,"column":54}},"10":{"start":{"line":41,"column":2},"end":{"line":43,"column":null}},"11":{"start":{"line":45,"column":2},"end":{"line":45,"column":20}},"12":{"start":{"line":50,"column":9},"end":{"line":50,"column":31}}},"fnMap":{"0":{"name":"(anonymous_13)","decl":{"start":{"line":16,"column":31},"end":{"line":16,"column":38}},"loc":{"start":{"line":16,"column":91},"end":{"line":46,"column":2}}},"1":{"name":"(anonymous_14)","decl":{"start":{"line":16,"column":91},"end":{"line":16,"column":null}},"loc":{"start":{"line":16,"column":91},"end":{"line":46,"column":1}}}},"branchMap":{"0":{"loc":{"start":{"line":27,"column":2},"end":{"line":29,"column":null}},"type":"if","locations":[{"start":{"line":27,"column":2},"end":{"line":29,"column":null}},{"start":{"line":27,"column":2},"end":{"line":29,"column":null}}]},"1":{"loc":{"start":{"line":31,"column":2},"end":{"line":39,"column":null}},"type":"if","locations":[{"start":{"line":31,"column":2},"end":{"line":39,"column":null}},{"start":{"line":31,"column":2},"end":{"line":39,"column":null}}]},"2":{"loc":{"start":{"line":41,"column":2},"end":{"line":43,"column":null}},"type":"if","locations":[{"start":{"line":41,"column":2},"end":{"line":43,"column":null}},{"start":{"line":41,"column":2},"end":{"line":43,"column":null}}]}},"s":{"0":2,"1":2,"2":2,"3":9,"4":9,"5":7,"6":3,"7":7,"8":1,"9":1,"10":7,"11":7,"12":2},"f":{"0":9,"1":9},"b":{"0":[3,4],"1":[1,6],"2":[3,4]}}
,"/home/runner/work/commit-status/commit-status/src/index.ts": {"path":"/home/runner/work/commit-status/commit-status/src/index.ts","statementMap":{"0":{"start":{"line":1,"column":0},"end":{"line":1,"column":38}},"1":{"start":{"line":2,"column":0},"end":{"line":2,"column":53}},"2":{"start":{"line":3,"column":0},"end":{"line":3,"column":53}},"3":{"start":{"line":13,"column":34},"end":{"line":13,"column":42}},"4":{"start":{"line":14,"column":32},"end":{"line":14,"column":68}},"5":{"start":{"line":38,"column":9},"end":{"line":38,"column":32}},"6":{"start":{"line":16,"column":19},"end":{"line":31,"column":2}},"7":{"start":{"line":16,"column":45},"end":{"line":31,"column":2}},"8":{"start":{"line":17,"column":2},"end":{"line":30,"column":null}},"9":{"start":{"line":18,"column":25},"end":{"line":18,"column":75}},"10":{"start":{"line":20,"column":4},"end":{"line":27,"column":null}},"11":{"start":{"line":21,"column":6},"end":{"line":21,"column":56}},"12":{"start":{"line":23,"column":6},"end":{"line":23,"column":25}},"13":{"start":{"line":26,"column":6},"end":{"line":26,"column":25}},"14":{"start":{"line":29,"column":4},"end":{"line":29,"column":22}},"15":{"start":{"line":38,"column":34},"end":{"line":38,"column":44}},"16":{"start":{"line":34,"column":0},"end":{"line":36,"column":null}}},"fnMap":{"0":{"name":"(anonymous_13)","decl":{"start":{"line":16,"column":19},"end":{"line":16,"column":43}},"loc":{"start":{"line":16,"column":45},"end":{"line":31,"column":2}}},"1":{"name":"(anonymous_14)","decl":{"start":{"line":16,"column":45},"end":{"line":16,"column":null}},"loc":{"start":{"line":16,"column":45},"end":{"line":31,"column":1}}}},"branchMap":{"0":{"loc":{"start":{"line":20,"column":4},"end":{"line":27,"column":null}},"type":"if","locations":[{"start":{"line":20,"column":4},"end":{"line":27,"column":null}},{"start":{"line":20,"column":4},"end":{"line":27,"column":null}}]},"1":{"loc":{"start":{"line":34,"column":0},"end":{"line":36,"column":null}},"type":"if","locations":[{"start":{"line":34,"column":0},"end":{"line":36,"column":null}}]}},"s":{"0":1,"1":1,"2":1,"3":1,"4":1,"5":1,"6":1,"7":4,"8":4,"9":4,"10":4,"11":2,"12":2,"13":2,"14":4,"15":1,"16":1},"f":{"0":4,"1":4},"b":{"0":[2,2],"1":[1]}}
,"/home/runner/work/commit-status/commit-status/src/octokit.ts": {"path":"/home/runner/work/commit-status/commit-status/src/octokit.ts","statementMap":{"0":{"start":{"line":1,"column":0},"end":{"line":1,"column":38}},"1":{"start":{"line":2,"column":0},"end":{"line":2,"column":42}},"2":{"start":{"line":7,"column":0},"end":{"line":7,"column":45}},"3":{"start":{"line":18,"column":19},"end":{"line":22,"column":1}},"4":{"start":{"line":19,"column":16},"end":{"line":19,"column":28}},"5":{"start":{"line":21,"column":2},"end":{"line":21,"column":34}},"6":{"start":{"line":24,"column":23},"end":{"line":28,"column":2}},"7":{"start":{"line":24,"column":103},"end":{"line":28,"column":2}},"8":{"start":{"line":25,"column":18},"end":{"line":25,"column":30}},"9":{"start":{"line":27,"column":2},"end":{"line":27,"column":58}},"10":{"start":{"line":53,"column":9},"end":{"line":53,"column":23}},"11":{"start":{"line":30,"column":27},"end":{"line":36,"column":2}},"12":{"start":{"line":30,"column":111},"end":{"line":36,"column":2}},"13":{"start":{"line":31,"column":18},"end":{"line":31,"column":30}},"14":{"start":{"line":33,"column":2},"end":{"line":33,"column":81}},"15":{"start":{"line":35,"column":2},"end":{"line":35,"column":56}},"16":{"start":{"line":53,"column":25},"end":{"line":53,"column":43}},"17":{"start":{"line":38,"column":31},"end":{"line":42,"column":2}},"18":{"start":{"line":38,"column":112},"end":{"line":42,"column":2}},"19":{"start":{"line":39,"column":18},"end":{"line":39,"column":30}},"20":{"start":{"line":41,"column":2},"end":{"line":41,"column":80}},"21":{"start":{"line":53,"column":45},"end":{"line":53,"column":67}}},"fnMap":{"0":{"name":"(anonymous_13)","decl":{"start":{"line":18,"column":19},"end":{"line":18,"column":51}},"loc":{"start":{"line":18,"column":53},"end":{"line":22,"column":1}}},"1":{"name":"(anonymous_14)","decl":{"start":{"line":24,"column":23},"end":{"line":24,"column":30}},"loc":{"start":{"line":24,"column":103},"end":{"line":28,"column":2}}},"2":{"name":"(anonymous_15)","decl":{"start":{"line":24,"column":103},"end":{"line":24,"column":null}},"loc":{"start":{"line":24,"column":103},"end":{"line":28,"column":1}}},"3":{"name":"(anonymous_16)","decl":{"start":{"line":30,"column":27},"end":{"line":30,"column":34}},"loc":{"start":{"line":30,"column":111},"end":{"line":36,"column":2}}},"4":{"name":"(anonymous_17)","decl":{"start":{"line":30,"column":111},"end":{"line":30,"column":null}},"loc":{"start":{"line":30,"column":111},"end":{"line":36,"column":1}}},"5":{"name":"(anonymous_18)","decl":{"start":{"line":38,"column":31},"end":{"line":38,"column":38}},"loc":{"start":{"line":38,"column":112},"end":{"line":42,"column":2}}},"6":{"name":"(anonymous_19)","decl":{"start":{"line":38,"column":112},"end":{"line":38,"column":null}},"loc":{"start":{"line":38,"column":112},"end":{"line":42,"column":1}}}},"branchMap":{},"s":{"0":2,"1":2,"2":2,"3":2,"4":5,"5":5,"6":2,"7":0,"8":0,"9":0,"10":2,"11":2,"12":3,"13":3,"14":3,"15":3,"16":2,"17":2,"18":2,"19":2,"20":2,"21":2},"f":{"0":5,"1":0,"2":0,"3":3,"4":3,"5":2,"6":2},"b":{}}
}
