TN:
SF:src/action-inputs.ts
FN:4,(anonymous_6)
FN:12,(anonymous_7)
FN:29,(anonymous_8)
FN:45,(anonymous_9)
FN:61,(anonymous_10)
FN:67,(anonymous_11)
FN:69,(anonymous_12)
FN:71,(anonymous_13)
FN:73,(anonymous_14)
FN:75,(anonymous_15)
FN:77,(anonymous_16)
FNF:11
FNH:11
FNDA:9,(anonymous_6)
FNDA:12,(anonymous_7)
FNDA:10,(anonymous_8)
FNDA:10,(anonymous_9)
FNDA:10,(anonymous_10)
FNDA:5,(anonymous_11)
FNDA:7,(anonymous_12)
FNDA:7,(anonymous_13)
FNDA:7,(anonymous_14)
FNDA:7,(anonymous_15)
FNDA:9,(anonymous_16)
DA:1,3
DA:2,3
DA:4,3
DA:5,9
DA:7,9
DA:9,9
DA:12,3
DA:13,12
DA:15,12
DA:17,4
DA:19,4
DA:20,3
DA:23,1
DA:26,8
DA:29,3
DA:30,10
DA:32,10
DA:33,2
DA:35,2
DA:36,1
DA:39,1
DA:42,8
DA:45,3
DA:46,10
DA:48,10
DA:49,2
DA:51,2
DA:52,1
DA:55,1
DA:58,8
DA:61,3
DA:62,10
DA:64,10
DA:67,5
DA:69,7
DA:71,7
DA:73,7
DA:75,7
DA:77,3
DA:78,9
DA:82,3
DA:83,3
DA:84,3
DA:85,3
DA:86,3
DA:87,3
DA:88,3
DA:89,3
DA:90,3
DA:91,3
LF:50
LH:50
BRDA:15,0,0,4
BRDA:15,0,1,8
BRDA:17,1,0,3
BRDA:17,1,1,1
BRDA:17,2,0,4
BRDA:17,2,1,4
BRDA:17,3,0,3
BRDA:17,3,1,1
BRDA:17,4,0,4
BRDA:17,4,1,1
BRDA:19,5,0,3
BRDA:19,5,1,1
BRDA:32,6,0,2
BRDA:32,6,1,8
BRDA:33,7,0,1
BRDA:33,7,1,1
BRDA:33,8,0,2
BRDA:33,8,1,2
BRDA:33,9,0,1
BRDA:33,9,1,1
BRDA:33,10,0,2
BRDA:33,10,1,1
BRDA:35,11,0,1
BRDA:35,11,1,1
BRDA:48,12,0,2
BRDA:48,12,1,8
BRDA:49,13,0,1
BRDA:49,13,1,1
BRDA:49,14,0,2
BRDA:49,14,1,2
BRDA:49,15,0,1
BRDA:49,15,1,1
BRDA:49,16,0,2
BRDA:49,16,1,2
BRDA:49,17,0,1
BRDA:49,17,1,1
BRDA:49,18,0,2
BRDA:49,18,1,1
BRDA:51,19,0,1
BRDA:51,19,1,1
BRDA:62,20,0,6
BRDA:62,20,1,4
BRDA:62,21,0,10
BRDA:62,21,1,10
BRDA:62,22,0,0
BRDA:62,22,1,10
BRDA:62,23,0,10
BRDA:62,23,1,10
BRDA:64,24,0,4
BRDA:64,24,1,6
BRDA:69,25,0,4
BRDA:69,25,1,3
BRDA:69,26,0,7
BRDA:69,26,1,7
BRF:54
BRH:53
end_of_record
TN:
SF:src/action-main.ts
FN:9,action
FNF:1
FNH:1
FNDA:4,action
DA:1,1
DA:2,1
DA:4,1
DA:6,1
DA:7,1
DA:10,4
DA:12,3
DA:13,2
DA:19,3
DA:20,3
DA:21,3
DA:24,1
LF:12
LH:12
BRDA:12,0,0,2
BRDA:12,0,1,1
BRF:2
BRH:2
end_of_record
TN:
SF:src/action-post.ts
FN:8,(anonymous_13)
FN:8,(anonymous_14)
FN:11,(anonymous_15)
FN:12,(anonymous_16)
FN:13,(anonymous_17)
FN:37,action
FNF:6
FNH:5
FNDA:2,(anonymous_13)
FNDA:2,(anonymous_14)
FNDA:0,(anonymous_15)
FNDA:2,(anonymous_16)
FNDA:5,(anonymous_17)
FNDA:4,action
DA:1,1
DA:3,1
DA:4,1
DA:6,1
DA:8,2
DA:9,2
DA:10,2
DA:11,2
DA:12,2
DA:13,5
DA:14,2
DA:20,2
DA:21,2
DA:22,2
DA:23,2
DA:25,2
DA:26,2
DA:29,0
DA:30,0
DA:33,0
DA:38,4
DA:39,3
DA:40,3
DA:41,2
DA:48,2
DA:50,2
DA:51,4
DA:52,1
DA:54,1
DA:58,2
DA:65,1
LF:31
LH:28
BRDA:25,0,0,2
BRDA:25,0,1,0
BRDA:29,1,0,0
BRDA:29,1,1,0
BRDA:38,2,0,3
BRDA:38,2,1,1
BRDA:51,3,0,1
BRDA:51,3,1,3
BRF:8
BRH:5
end_of_record
TN:
SF:src/commit-status-parameters.ts
FN:16,(anonymous_13)
FN:16,(anonymous_14)
FNF:2
FNH:2
FNDA:9,(anonymous_13)
FNDA:9,(anonymous_14)
DA:3,2
DA:4,2
DA:16,9
DA:17,9
DA:27,7
DA:28,3
DA:31,7
DA:32,1
DA:38,1
DA:41,7
DA:45,7
DA:50,2
LF:12
LH:12
BRDA:27,0,0,3
BRDA:27,0,1,4
BRDA:31,1,0,1
BRDA:31,1,1,6
BRDA:41,2,0,3
BRDA:41,2,1,4
BRF:6
BRH:6
end_of_record
TN:
SF:src/index.ts
FN:16,(anonymous_13)
FN:16,(anonymous_14)
FNF:2
FNH:2
FNDA:4,(anonymous_13)
FNDA:4,(anonymous_14)
DA:1,1
DA:2,1
DA:3,1
DA:13,1
DA:14,1
DA:16,4
DA:17,4
DA:18,4
DA:20,4
DA:21,2
DA:23,2
DA:26,2
DA:29,4
DA:34,1
DA:38,1
LF:15
LH:15
BRDA:20,0,0,2
BRDA:20,0,1,2
BRDA:34,1,0,1
BRF:3
BRH:3
end_of_record
TN:
SF:src/octokit.ts
FN:18,(anonymous_13)
FN:24,(anonymous_14)
FN:24,(anonymous_15)
FN:30,(anonymous_16)
FN:30,(anonymous_17)
FN:38,(anonymous_18)
FN:38,(anonymous_19)
FNF:7
FNH:5
FNDA:5,(anonymous_13)
FNDA:0,(anonymous_14)
FNDA:0,(anonymous_15)
FNDA:3,(anonymous_16)
FNDA:3,(anonymous_17)
FNDA:2,(anonymous_18)
FNDA:2,(anonymous_19)
DA:1,2
DA:2,2
DA:7,2
DA:18,2
DA:19,5
DA:21,5
DA:24,2
DA:25,0
DA:27,0
DA:30,3
DA:31,3
DA:33,3
DA:35,3
DA:38,2
DA:39,2
DA:41,2
DA:53,2
LF:17
LH:15
BRF:0
BRH:0
end_of_record
